
Showing logs for build [32mjxbitcoder-environment-cluster1-srmlm-1[0m stage [32mfrom-build-pack[0m and container [32mstep-credential-initializer-vnlzj[0m
{"level":"warn","ts":1584277174.306352,"logger":"fallback-logger","caller":"logging/config.go:69","msg":"Fetch GitHub commit ID from kodata failed: \"ref: refs/heads/0.8.0-**-support-backwards-incompats\" is not a valid GitHub commit ID"}
{"level":"info","ts":1584277174.3068311,"logger":"fallback-logger","caller":"creds-init/main.go:40","msg":"Credentials initialized."}

Showing logs for build [32mjxbitcoder-environment-cluster1-srmlm-1[0m stage [32mfrom-build-pack[0m and container [32mstep-working-dir-initializer-4wth7[0m
{"level":"warn","ts":1584277175.3270245,"logger":"fallback-logger","caller":"logging/config.go:69","msg":"Fetch GitHub commit ID from kodata failed: open /var/run/ko/HEAD: no such file or directory"}
{"level":"info","ts":1584277175.329034,"logger":"fallback-logger","caller":"bash/main.go:64","msg":"Successfully executed command \"sh -c mkdir -p /workspace/source\"; output "}

Showing logs for build [32mjxbitcoder-environment-cluster1-srmlm-1[0m stage [32mfrom-build-pack[0m and container [32mstep-place-tools[0m

Showing logs for build [32mjxbitcoder-environment-cluster1-srmlm-1[0m stage [32mfrom-build-pack[0m and container [32mstep-git-source-jxbitcoder-environment-cluster1-srmlm-cszt2[0m
{"level":"warn","ts":1584277179.41995,"logger":"fallback-logger","caller":"logging/config.go:69","msg":"Fetch GitHub commit ID from kodata failed: \"ref: refs/heads/0.8.0-**-support-backwards-incompats\" is not a valid GitHub commit ID"}
{"level":"info","ts":1584277180.4555888,"logger":"fallback-logger","caller":"git/git.go:103","msg":"Successfully cloned https://github.com/**bitcoder/environment-cluster1-production.git @ master in path /workspace/source"}

Showing logs for build [32mjxbitcoder-environment-cluster1-srmlm-1[0m stage [32mfrom-build-pack[0m and container [32mstep-git-merge[0m
Using SHAs from PULL_REFS=master:a1f09e3de01f571f01b0082f66b7f8efafd73cc0,3:4053209ad81ba175e8b7dd2c664bd5f5769e5236
DEBUG: LC_ALL=C JX_LOG_LEVEL=error git fetch origin --unshallow 4053209ad81ba175e8b7dd2c664bd5f5769e5236: a1f09e3de01f571f01b0082f66b7f8efafd73cc0:
DEBUG: ran git fetch --unshallow origin 4053209ad81ba175e8b7dd2c664bd5f5769e5236: a1f09e3de01f571f01b0082f66b7f8efafd73cc0: in 
DEBUG: LC_ALL=C JX_LOG_LEVEL=error git branch
DEBUG: LC_ALL=C JX_LOG_LEVEL=error git checkout master
DEBUG: ran git checkout master in 
DEBUG: LC_ALL=C JX_LOG_LEVEL=error git reset --hard a1f09e3de01f571f01b0082f66b7f8efafd73cc0
DEBUG: ran git reset --hard a1f09e3de01f571f01b0082f66b7f8efafd73cc0 in 
DEBUG: LC_ALL=C JX_LOG_LEVEL=error git clean -fd .
DEBUG: ran clean --force -d . in 
DEBUG: LC_ALL=C JX_LOG_LEVEL=error git merge 4053209ad81ba175e8b7dd2c664bd5f5769e5236
DEBUG: ran git merge 4053209ad81ba175e8b7dd2c664bd5f5769e5236 in 
DEBUG: LC_ALL=C JX_LOG_LEVEL=error git log --format=%H%x1f%an%x1f%ae%x1f%cn%x1f%ce%x1f%s%n%b%x1e a1f09e3de01f571f01b0082f66b7f8efafd73cc0..HEAD
Merged SHA 4053209ad81ba175e8b7dd2c664bd5f5769e5236 with commit message 'chore: Promote **-tutorial to version 0.0.2' into base branch master

Showing logs for build [32mjxbitcoder-environment-cluster1-srmlm-1[0m stage [32mfrom-build-pack[0m and container [32mstep-build-helm-build[0m
WARNING: No $CHART_REPOSITORY defined so using the default value of: http://jenkins-x-chartmuseum:8080
Adding missing Helm repo: storage.googleapis.com https://storage.googleapis.com/chartmuseum.jenkins-x.io
Successfully added Helm repository storage.googleapis.com.
Adding missing Helm repo: jenkins-x-chartmuseum http://jenkins-x-chartmuseum:8080
Successfully added Helm repository jenkins-x-chartmuseum.
WARNING: No $CHART_REPOSITORY defined so using the default value of: http://jenkins-x-chartmuseum:8080
Adding missing Helm repo: chartmuseum.jenkins-x.io http://chartmuseum.jenkins-x.io
Successfully added Helm repository chartmuseum.jenkins-x.io.
