
Showing logs for build [32mjxbitcoder-environment-cluster1-xhf7f-1[0m stage [32mfrom-build-pack[0m and container [32mstep-credential-initializer-c7hm2[0m
{"level":"warn","ts":1584301304.3643613,"logger":"fallback-logger","caller":"logging/config.go:69","msg":"Fetch GitHub commit ID from kodata failed: \"ref: refs/heads/0.8.0-**-support-backwards-incompats\" is not a valid GitHub commit ID"}
{"level":"info","ts":1584301304.364992,"logger":"fallback-logger","caller":"creds-init/main.go:40","msg":"Credentials initialized."}

Showing logs for build [32mjxbitcoder-environment-cluster1-xhf7f-1[0m stage [32mfrom-build-pack[0m and container [32mstep-working-dir-initializer-jk4vc[0m
{"level":"warn","ts":1584301305.3213534,"logger":"fallback-logger","caller":"logging/config.go:69","msg":"Fetch GitHub commit ID from kodata failed: open /var/run/ko/HEAD: no such file or directory"}
{"level":"info","ts":1584301305.3248622,"logger":"fallback-logger","caller":"bash/main.go:64","msg":"Successfully executed command \"sh -c mkdir -p /workspace/source\"; output "}

Showing logs for build [32mjxbitcoder-environment-cluster1-xhf7f-1[0m stage [32mfrom-build-pack[0m and container [32mstep-place-tools[0m

Showing logs for build [32mjxbitcoder-environment-cluster1-xhf7f-1[0m stage [32mfrom-build-pack[0m and container [32mstep-git-source-jxbitcoder-environment-cluster1-xhf7f-tk9wv[0m
{"level":"warn","ts":1584301309.4043036,"logger":"fallback-logger","caller":"logging/config.go:69","msg":"Fetch GitHub commit ID from kodata failed: \"ref: refs/heads/0.8.0-**-support-backwards-incompats\" is not a valid GitHub commit ID"}
{"level":"info","ts":1584301310.4515011,"logger":"fallback-logger","caller":"git/git.go:103","msg":"Successfully cloned https://github.com/**bitcoder/environment-cluster1-production.git @ master in path /workspace/source"}

Showing logs for build [32mjxbitcoder-environment-cluster1-xhf7f-1[0m stage [32mfrom-build-pack[0m and container [32mstep-git-merge[0m
Using SHAs from PULL_REFS=master:8ae535ae8d01d4cd220a44c24ff83c7b151cd171,4:0bdbdd0abf05ddaec54345928e4d87099e12194d
DEBUG: LC_ALL=C JX_LOG_LEVEL=error git fetch origin --unshallow 0bdbdd0abf05ddaec54345928e4d87099e12194d: 8ae535ae8d01d4cd220a44c24ff83c7b151cd171:
DEBUG: ran git fetch --unshallow origin 0bdbdd0abf05ddaec54345928e4d87099e12194d: 8ae535ae8d01d4cd220a44c24ff83c7b151cd171: in 
DEBUG: LC_ALL=C JX_LOG_LEVEL=error git branch
DEBUG: LC_ALL=C JX_LOG_LEVEL=error git checkout master
DEBUG: ran git checkout master in 
DEBUG: LC_ALL=C JX_LOG_LEVEL=error git reset --hard 8ae535ae8d01d4cd220a44c24ff83c7b151cd171
DEBUG: ran git reset --hard 8ae535ae8d01d4cd220a44c24ff83c7b151cd171 in 
DEBUG: LC_ALL=C JX_LOG_LEVEL=error git clean -fd .
DEBUG: ran clean --force -d . in 
DEBUG: LC_ALL=C JX_LOG_LEVEL=error git merge 0bdbdd0abf05ddaec54345928e4d87099e12194d
DEBUG: ran git merge 0bdbdd0abf05ddaec54345928e4d87099e12194d in 
DEBUG: LC_ALL=C JX_LOG_LEVEL=error git log --format=%H%x1f%an%x1f%ae%x1f%cn%x1f%ce%x1f%s%n%b%x1e 8ae535ae8d01d4cd220a44c24ff83c7b151cd171..HEAD
Merged SHA 0bdbdd0abf05ddaec54345928e4d87099e12194d with commit message 'chore: Promote **-tutorial to version 0.0.6' into base branch master

Showing logs for build [32mjxbitcoder-environment-cluster1-xhf7f-1[0m stage [32mfrom-build-pack[0m and container [32mstep-build-helm-build[0m
WARNING: No $CHART_REPOSITORY defined so using the default value of: http://jenkins-x-chartmuseum:8080
Adding missing Helm repo: storage.googleapis.com https://storage.googleapis.com/chartmuseum.jenkins-x.io
Successfully added Helm repository storage.googleapis.com.
Adding missing Helm repo: jenkins-x-chartmuseum http://jenkins-x-chartmuseum:8080
Successfully added Helm repository jenkins-x-chartmuseum.
WARNING: No $CHART_REPOSITORY defined so using the default value of: http://jenkins-x-chartmuseum:8080
Adding missing Helm repo: chartmuseum.jenkins-x.io http://chartmuseum.jenkins-x.io
Successfully added Helm repository chartmuseum.jenkins-x.io.
